c:\users\hp\source\repos\economymaster\economymaster\debug\vc142.pdb
c:\users\hp\source\repos\economymaster\economymaster\debug\vc142.idb
c:\users\hp\source\repos\economymaster\economymaster\debug\provincemanager.obj
c:\users\hp\source\repos\economymaster\economymaster\debug\perlinnoisecreater.obj
c:\users\hp\source\repos\economymaster\economymaster\debug\gameprocessmanager.obj
c:\users\hp\source\repos\economymaster\economymaster\debug\economymaster.obj
c:\users\hp\source\repos\economymaster\economymaster\debug\economymanager.obj
c:\users\hp\source\repos\economymaster\economymaster\debug\city.obj
c:\users\hp\source\repos\economymaster\economymaster\debug\properties.obj
c:\users\hp\source\repos\economymaster\economymaster\debug\csvreader.obj
c:\users\hp\source\repos\economymaster\economymaster\debug\province.obj
c:\users\hp\source\repos\economymaster\economymaster\debug\airplanemanager.obj
c:\users\hp\source\repos\economymaster\economymaster\debug\airline.obj
c:\users\hp\source\repos\economymaster\economymaster\debug\airlinemanager.obj
c:\users\hp\source\repos\economymaster\economymaster\debug\research.obj
c:\users\hp\source\repos\economymaster\economymaster\debug\airplane.obj
c:\users\hp\source\repos\economymaster\debug\economymaster.exe
c:\users\hp\source\repos\economymaster\debug\economymaster.ilk
c:\users\hp\source\repos\economymaster\debug\economymaster.pdb
c:\users\hp\source\repos\economymaster\economymaster\debug\provincemanager.new.obj.enc
c:\users\hp\source\repos\economymaster\economymaster\debug\economymaster.tlog\cl.command.1.tlog
c:\users\hp\source\repos\economymaster\economymaster\debug\economymaster.tlog\cl.read.1.tlog
c:\users\hp\source\repos\economymaster\economymaster\debug\economymaster.tlog\cl.write.1.tlog
c:\users\hp\source\repos\economymaster\economymaster\debug\economymaster.tlog\link.command.1.tlog
c:\users\hp\source\repos\economymaster\economymaster\debug\economymaster.tlog\link.read.1.tlog
c:\users\hp\source\repos\economymaster\economymaster\debug\economymaster.tlog\link.write.1.tlog
